{"start":"2022-04-07T15:15:38.689Z","end":"2022-04-07T17:55:14.893Z","capabilities":{"safari:platformVersion":"11.6","safari:automaticInspection":false,"webkit:WebRTC":{"DisableICECandidateFiltering":false,"DisableInsecureMediaCapture":false},"browserVersion":"14.1.2","strictFileInteractability":false,"browserName":"Safari","safari:useSimulator":false,"safari:automaticProfiling":false,"safari:platformBuildVersion":"20G165","acceptInsecureCerts":false,"setWindowRect":true,"platformName":"macOS","safari:diagnose":false,"sessionId":"BCC59854-D15C-442A-B17B-0948613A0E1D","screenResolution":{"width":"1920","height":"1080"}},"host":"localhost","port":4444,"baseUrl":"http://localhost","framework":"mocha","duration":9576204,"suites":[{"title":"Suite1 - Functional Validation of experience app for Teacher workflow","duration":7447004,"start":"2022-04-07T15:15:38.692Z","end":"2022-04-07T17:19:45.696Z","tests":[{"title":"ENG_LAND_TC_3 Validate that the sign in page is launched on clicking the \"Log in\" button - (P1)","start":"2022-04-07T15:15:40.766Z","end":"2022-04-07T15:15:43.609Z","duration":2843,"state":"passed","screenshots":["/Users/swatigakhar/Desktop/comprocopy/comprodls-copy/engageAutomation/output/reports/TestReports/file-1649344542976.jpeg","/Users/swatigakhar/Desktop/comprocopy/comprodls-copy/engageAutomation/output/reports/TestReports/file-1649344543603.jpeg"]},{"title":"ENG_IDEN_TC_7 Validate that the user is able to login successfully with an existing account - ()","start":"2022-04-07T15:15:43.611Z","end":"2022-04-07T15:15:50.665Z","duration":7054,"state":"passed","screenshots":["/Users/swatigakhar/Desktop/comprocopy/comprodls-copy/engageAutomation/output/reports/TestReports/file-1649344544765.jpeg","/Users/swatigakhar/Desktop/comprocopy/comprodls-copy/engageAutomation/output/reports/TestReports/file-1649344550654.jpeg"]},{"title":"ENG_DASH_TC_1 Validate the content of the blank Dashboard page in English Language - (P2)","start":"2022-04-07T15:15:50.666Z","end":"2022-04-07T15:15:51.348Z","duration":682,"state":"passed","screenshots":["/Users/swatigakhar/Desktop/comprocopy/comprodls-copy/engageAutomation/output/reports/TestReports/file-1649344551336.jpeg"]},{"title":"ENG_DASH_TC_7 Validate that clicking on 'Add Book' button, book list page is launched to select books to add - (P1)","start":"2022-04-07T15:15:51.350Z","end":"2022-04-07T15:15:53.148Z","duration":1798,"state":"passed","screenshots":["/Users/swatigakhar/Desktop/comprocopy/comprodls-copy/engageAutomation/output/reports/TestReports/file-1649344551484.jpeg","/Users/swatigakhar/Desktop/comprocopy/comprodls-copy/engageAutomation/output/reports/TestReports/file-1649344553126.jpeg"]},{"title":"ENG_GLOB_TC_28 Validate that searching can be done on basis of resource name - (P1, Desktop)","start":"2022-04-07T15:15:53.149Z","end":"2022-04-07T15:15:54.337Z","duration":1188,"state":"passed","screenshots":["/Users/swatigakhar/Desktop/comprocopy/comprodls-copy/engageAutomation/output/reports/TestReports/file-1649344554326.jpeg"]},{"title":"ENG_GLOB_TC_58 Validate that clicking on '+' button adds the book to My Books - (P1, Desktop)","start":"2022-04-07T15:15:54.339Z","end":"2022-04-07T15:15:55.211Z","duration":872,"state":"passed","screenshots":["/Users/swatigakhar/Desktop/comprocopy/comprodls-copy/engageAutomation/output/reports/TestReports/file-1649344554467.jpeg","/Users/swatigakhar/Desktop/comprocopy/comprodls-copy/engageAutomation/output/reports/TestReports/file-1649344555201.jpeg"]},{"title":"ENG_SHELL_TC_4 Validate that clicking on the Classes button in the left navigation pane launches Classes List  page - (P1, Desktop)","start":"2022-04-07T15:15:55.212Z","end":"2022-04-07T15:15:57.780Z","duration":2568,"state":"passed","screenshots":["/Users/swatigakhar/Desktop/comprocopy/comprodls-copy/engageAutomation/output/reports/TestReports/file-1649344555874.jpeg","/Users/swatigakhar/Desktop/comprocopy/comprodls-copy/engageAutomation/output/reports/TestReports/file-1649344557768.jpeg"]},{"title":"ENG_INS_CLASS_TC_7 Validate that on clicking a Class card on the My Classes Page, Class Dashboard is launched for that class - (P1)","start":"2022-04-07T15:15:57.781Z","end":"2022-04-07T15:15:57.998Z","duration":217,"state":"failed","screenshots":["/Users/swatigakhar/Desktop/comprocopy/comprodls-copy/engageAutomation/output/reports/TestReports/file-1649344557990.jpeg"],"error":{"type":"AssertionError","message":"Class Details page is not launched: expected 'ERROR! No class found with name acceptanceClass !!' to equal true","stack":"AssertionError: Class Details page is not launched: expected 'ERROR! No class found with name acceptanceClass !!' to equal true\n    at Object.assertEqual (/Users/swatigakhar/Desktop/comprocopy/comprodls-copy/engageAutomation/core/actionLibrary/baseAssertionLibrary.js:30:16)\n    at Object.ENG_INS_CLASS_TC_7 (/Users/swatigakhar/Desktop/comprocopy/comprodls-copy/engageAutomation/test/engageExperienceApp/classDashboard.test.js:142:13)\n    at specRunner.identifyTest (/Users/swatigakhar/Desktop/comprocopy/comprodls-copy/engageAutomation/test/tempRunner/AcceptanceNew.js:204:34)\n    at Context.<anonymous> (/Users/swatigakhar/Desktop/comprocopy/comprodls-copy/engageAutomation/test/tempRunner/AcceptanceNew.js:132:34)"}},{"title":"ENG_INS_CLASS_TC_44 Validate book details is launched after clicking on View Book button - (P1)","start":"2022-04-07T15:15:58.002Z","end":"2022-04-07T15:16:58.379Z","duration":60377,"state":"failed","screenshots":["/Users/swatigakhar/Desktop/comprocopy/comprodls-copy/engageAutomation/output/reports/TestReports/file-1649344588193.jpeg","/Users/swatigakhar/Desktop/comprocopy/comprodls-copy/engageAutomation/output/reports/TestReports/file-1649344618366.jpeg"],"error":{"type":"AssertionError","message":"View book page status mismatch: expected undefined to equal true","stack":"AssertionError: View book page status mismatch: expected undefined to equal true\n    at Object.assertEqual (/Users/swatigakhar/Desktop/comprocopy/comprodls-copy/engageAutomation/core/actionLibrary/baseAssertionLibrary.js:30:16)\n    at Object.ENG_INS_CLASS_TC_44 (/Users/swatigakhar/Desktop/comprocopy/comprodls-copy/engageAutomation/test/engageExperienceApp/classDashboard.test.js:502:13)\n    at specRunner.identifyTest (/Users/swatigakhar/Desktop/comprocopy/comprodls-copy/engageAutomation/test/tempRunner/AcceptanceNew.js:204:34)\n    at Context.<anonymous> (/Users/swatigakhar/Desktop/comprocopy/comprodls-copy/engageAutomation/test/tempRunner/AcceptanceNew.js:132:34)"}},{"title":"ENG_BOOK_TC_10 Validate clicking on a component displays the units asscoiated with the component - (P1)","start":"2022-04-07T15:16:58.388Z","end":"2022-04-07T15:16:58.529Z","duration":141,"state":"failed","screenshots":["/Users/swatigakhar/Desktop/comprocopy/comprodls-copy/engageAutomation/output/reports/TestReports/file-1649344618524.jpeg"],"error":{"type":"AssertionError","message":"Tab not selected: expected false to equal true","stack":"AssertionError: Tab not selected: expected false to equal true\n    at Object.assertEqual (/Users/swatigakhar/Desktop/comprocopy/comprodls-copy/engageAutomation/core/actionLibrary/baseAssertionLibrary.js:30:16)\n    at Object.ENG_BOOK_TC_10 (/Users/swatigakhar/Desktop/comprocopy/comprodls-copy/engageAutomation/test/engageExperienceApp/viewBook.test.js:66:19)\n    at specRunner.identifyTest (/Users/swatigakhar/Desktop/comprocopy/comprodls-copy/engageAutomation/test/tempRunner/AcceptanceNew.js:204:34)\n    at Context.<anonymous> (/Users/swatigakhar/Desktop/comprocopy/comprodls-copy/engageAutomation/test/tempRunner/AcceptanceNew.js:132:34)"}},{"title":"ENG_BOOK_TC_19 Validate clicking on a unit launches the unit detail view page. - (P1)","start":"2022-04-07T15:16:58.531Z","end":"2022-04-07T15:16:58.639Z","duration":108,"state":"failed","screenshots":["/Users/swatigakhar/Desktop/comprocopy/comprodls-copy/engageAutomation/output/reports/TestReports/file-1649344618635.jpeg"],"error":{"type":"AssertionError","message":"View Unit page status mismatch: expected undefined to equal true","stack":"AssertionError: View Unit page status mismatch: expected undefined to equal true\n    at Object.assertEqual (/Users/swatigakhar/Desktop/comprocopy/comprodls-copy/engageAutomation/core/actionLibrary/baseAssertionLibrary.js:30:16)\n    at Object.ENG_BOOK_TC_19 (/Users/swatigakhar/Desktop/comprocopy/comprodls-copy/engageAutomation/test/engageExperienceApp/viewBook.test.js:126:19)\n    at specRunner.identifyTest (/Users/swatigakhar/Desktop/comprocopy/comprodls-copy/engageAutomation/test/tempRunner/AcceptanceNew.js:204:34)\n    at Context.<anonymous> (/Users/swatigakhar/Desktop/comprocopy/comprodls-copy/engageAutomation/test/tempRunner/AcceptanceNew.js:132:34)"}},{"title":"ENG_BOOK_TC_21 Validate that clicking on Activity on unit detail view page launches the activity - (P1)","start":"2022-04-07T15:16:58.639Z","end":"2022-04-07T15:17:28.828Z","duration":30189,"state":"failed","screenshots":["/Users/swatigakhar/Desktop/comprocopy/comprodls-copy/engageAutomation/output/reports/TestReports/file-1649344648817.jpeg"],"error":{"type":"AssertionError","message":"Activity Not Clicked: expected false to equal true","stack":"AssertionError: Activity Not Clicked: expected false to equal true\n    at Object.assertEqual (/Users/swatigakhar/Desktop/comprocopy/comprodls-copy/engageAutomation/core/actionLibrary/baseAssertionLibrary.js:30:16)\n    at Object.ENG_BOOK_TC_21 (/Users/swatigakhar/Desktop/comprocopy/comprodls-copy/engageAutomation/test/engageExperienceApp/viewUnit.test.js:17:19)\n    at specRunner.identifyTest (/Users/swatigakhar/Desktop/comprocopy/comprodls-copy/engageAutomation/test/tempRunner/AcceptanceNew.js:204:34)\n    at Context.<anonymous> (/Users/swatigakhar/Desktop/comprocopy/comprodls-copy/engageAutomation/test/tempRunner/AcceptanceNew.js:132:34)"}},{"title":"ENG_PLAY_TC_1 Validate testplayer when a question is launched - (P1)","start":"2022-04-07T15:17:28.832Z","end":"2022-04-07T15:17:59.172Z","duration":30340,"state":"failed","screenshots":["/Users/swatigakhar/Desktop/comprocopy/comprodls-copy/engageAutomation/output/reports/TestReports/file-1649344679165.jpeg"],"error":{"type":"AssertionError","message":"Activity submission status mismatch: expected undefined to equal false","stack":"AssertionError: Activity submission status mismatch: expected undefined to equal false\n    at Object.assertEqual (/Users/swatigakhar/Desktop/comprocopy/comprodls-copy/engageAutomation/core/actionLibrary/baseAssertionLibrary.js:30:16)\n    at Object.ENG_PLAY_TC_1 (/Users/swatigakhar/Desktop/comprocopy/comprodls-copy/engageAutomation/test/engageExperienceApp/activityPlayer.test.js:11:13)\n    at specRunner.identifyTest (/Users/swatigakhar/Desktop/comprocopy/comprodls-copy/engageAutomation/test/tempRunner/AcceptanceNew.js:204:34)\n    at Context.<anonymous> (/Users/swatigakhar/Desktop/comprocopy/comprodls-copy/engageAutomation/test/tempRunner/AcceptanceNew.js:132:34)"}},{"title":"ENG_ITEM_MMCQ_TC_1 Validate the Multi MCSR question launch in default unattempted state - (P3)","start":"2022-04-07T15:17:59.175Z","end":"2022-04-07T15:18:29.657Z","duration":30482,"state":"failed","screenshots":["/Users/swatigakhar/Desktop/comprocopy/comprodls-copy/engageAutomation/output/reports/TestReports/file-1649344709635.jpeg"],"error":{"type":"AssertionError","message":"Multi MCSR question not loaded: expected [Error: element (\"div[class*=item-player-container] > div:not([style='height: 100%; display: none;']) [data-tid*=input-click-option-sub-question-\") still not existing after 30000ms] to equal true","stack":"AssertionError: Multi MCSR question not loaded: expected [Error: element (\"div[class*=item-player-container] > div:not([style='height: 100%; display: none;']) [data-tid*=input-click-option-sub-question-\") still not existing after 30000ms] to equal true\n    at Object.assertEqual (/Users/swatigakhar/Desktop/comprocopy/comprodls-copy/engageAutomation/core/actionLibrary/baseAssertionLibrary.js:30:16)\n    at Object.ENG_ITEM_MMCQ_TC_1 (/Users/swatigakhar/Desktop/comprocopy/comprodls-copy/engageAutomation/test/engageExperienceApp/multimcq.test.js:10:13)\n    at specRunner.identifyTest (/Users/swatigakhar/Desktop/comprocopy/comprodls-copy/engageAutomation/test/tempRunner/AcceptanceNew.js:204:34)\n    at Context.<anonymous> (/Users/swatigakhar/Desktop/comprocopy/comprodls-copy/engageAutomation/test/tempRunner/AcceptanceNew.js:132:34)"}},{"title":"ENG_ITEM_MMCQ_TC_2 Validate that the user can select an option in multiple sub-questions while performing the question - (P1)","start":"2022-04-07T15:18:29.666Z","end":"2022-04-07T15:18:30.069Z","duration":403,"state":"failed","screenshots":["/Users/swatigakhar/Desktop/comprocopy/comprodls-copy/engageAutomation/output/reports/TestReports/file-1649344710059.jpeg"],"error":{"type":"AssertionError","message":"expected 0 to equal true","stack":"AssertionError: expected 0 to equal true\n    at Object.assertEqual (/Users/swatigakhar/Desktop/comprocopy/comprodls-copy/engageAutomation/core/actionLibrary/baseAssertionLibrary.js:30:16)\n    at Object.ENG_ITEM_MMCQ_TC_2 (/Users/swatigakhar/Desktop/comprocopy/comprodls-copy/engageAutomation/test/engageExperienceApp/multimcq.test.js:16:13)\n    at specRunner.identifyTest (/Users/swatigakhar/Desktop/comprocopy/comprodls-copy/engageAutomation/test/tempRunner/AcceptanceNew.js:204:34)\n    at Context.<anonymous> (/Users/swatigakhar/Desktop/comprocopy/comprodls-copy/engageAutomation/test/tempRunner/AcceptanceNew.js:132:34)"}},{"title":"ENG_PLAY_TC_3 Validate testplayer when user click on Check My Work button - (P1)","start":"2022-04-07T15:18:30.073Z","end":"2022-04-07T15:19:30.469Z","duration":60396,"state":"failed","screenshots":["/Users/swatigakhar/Desktop/comprocopy/comprodls-copy/engageAutomation/output/reports/TestReports/file-1649344740268.jpeg","/Users/swatigakhar/Desktop/comprocopy/comprodls-copy/engageAutomation/output/reports/TestReports/file-1649344770443.jpeg"],"error":{"type":"AssertionError","message":"checkAnswerBtn status mismatch: expected [Error: Can't call click on element with selector \"[data-tid='button-checkAnswers']\" because element wasn't found] to equal false","stack":"AssertionError: checkAnswerBtn status mismatch: expected [Error: Can't call click on element with selector \"[data-tid='button-checkAnswers']\" because element wasn't found] to equal false\n    at Object.assertEqual (/Users/swatigakhar/Desktop/comprocopy/comprodls-copy/engageAutomation/core/actionLibrary/baseAssertionLibrary.js:30:16)\n    at Object.ENG_PLAY_TC_3 (/Users/swatigakhar/Desktop/comprocopy/comprodls-copy/engageAutomation/test/engageExperienceApp/activityPlayer.test.js:74:13)\n    at specRunner.identifyTest (/Users/swatigakhar/Desktop/comprocopy/comprodls-copy/engageAutomation/test/tempRunner/AcceptanceNew.js:204:34)\n    at Context.<anonymous> (/Users/swatigakhar/Desktop/comprocopy/comprodls-copy/engageAutomation/test/tempRunner/AcceptanceNew.js:132:34)"}},{"title":"ENG_ITEM_MMCQ_TC_3 Validate MCMR question functionality for Correct scenario - (P1)","start":"2022-04-07T15:19:30.481Z","end":"2022-04-07T15:37:54.957Z","duration":1104476,"state":"failed","screenshots":[],"error":{"type":"Error","message":"Timeout of 600000ms exceeded. The execution in the test \"Suite1 - Functional Validation of experience app for Teacher workflow ENG_ITEM_MMCQ_TC_3 Validate MCMR question functionality for Correct scenario - (P1)\" took too long. Try to reduce the run time or increase your timeout for test specs (https://webdriver.io/docs/timeouts). (/Users/swatigakhar/Desktop/comprocopy/comprodls-copy/engageAutomation/test/tempRunner/AcceptanceNew.js)","stack":"Error: Timeout of 600000ms exceeded. The execution in the test \"Suite1 - Functional Validation of experience app for Teacher workflow ENG_ITEM_MMCQ_TC_3 Validate MCMR question functionality for Correct scenario - (P1)\" took too long. Try to reduce the run time or increase your timeout for test specs (https://webdriver.io/docs/timeouts). (/Users/swatigakhar/Desktop/comprocopy/comprodls-copy/engageAutomation/test/tempRunner/AcceptanceNew.js)\n    at createTimeoutError (/Users/swatigakhar/Desktop/comprocopy/comprodls-copy/engageAutomation/node_modules/mocha/lib/errors.js:498:15)\n    at Test.Runnable._timeoutError (/Users/swatigakhar/Desktop/comprocopy/comprodls-copy/engageAutomation/node_modules/mocha/lib/runnable.js:431:10)\n    at Timeout.<anonymous> (/Users/swatigakhar/Desktop/comprocopy/comprodls-copy/engageAutomation/node_modules/mocha/lib/runnable.js:246:24)\n    at listOnTimeout (internal/timers.js:557:17)\n    at processTimers (internal/timers.js:500:7)"}},{"title":"ENG_PLAY_TC_10 Validate the activity player when Last question of quiz is launched - ()","start":"2022-04-07T15:37:54.967Z","end":"2022-04-07T15:37:55.682Z","duration":715,"state":"passed","screenshots":["/Users/swatigakhar/Desktop/comprocopy/comprodls-copy/engageAutomation/output/reports/TestReports/file-1649345875672.jpeg"]},{"title":"ENG_PLAY_TC_8 Validate testplayer when a question is launched for the student - (P1)","start":"2022-04-07T15:37:55.682Z","end":"2022-04-07T15:55:05.815Z","duration":1030133,"state":"failed","screenshots":[],"error":{"type":"Error","message":"Timeout of 600000ms exceeded. The execution in the test \"Suite1 - Functional Validation of experience app for Teacher workflow ENG_PLAY_TC_8 Validate testplayer when a question is launched for the student - (P1)\" took too long. Try to reduce the run time or increase your timeout for test specs (https://webdriver.io/docs/timeouts). (/Users/swatigakhar/Desktop/comprocopy/comprodls-copy/engageAutomation/test/tempRunner/AcceptanceNew.js)","stack":"Error: Timeout of 600000ms exceeded. The execution in the test \"Suite1 - Functional Validation of experience app for Teacher workflow ENG_PLAY_TC_8 Validate testplayer when a question is launched for the student - (P1)\" took too long. Try to reduce the run time or increase your timeout for test specs (https://webdriver.io/docs/timeouts). (/Users/swatigakhar/Desktop/comprocopy/comprodls-copy/engageAutomation/test/tempRunner/AcceptanceNew.js)\n    at createTimeoutError (/Users/swatigakhar/Desktop/comprocopy/comprodls-copy/engageAutomation/node_modules/mocha/lib/errors.js:498:15)\n    at Test.Runnable._timeoutError (/Users/swatigakhar/Desktop/comprocopy/comprodls-copy/engageAutomation/node_modules/mocha/lib/runnable.js:431:10)\n    at Timeout.<anonymous> (/Users/swatigakhar/Desktop/comprocopy/comprodls-copy/engageAutomation/node_modules/mocha/lib/runnable.js:246:24)\n    at listOnTimeout (internal/timers.js:557:17)\n    at processTimers (internal/timers.js:500:7)"}},{"title":"ENG_SHELL_TC_11 Validate that click on breadcrumb back button on the header launch the previous page - (P1)","start":"2022-04-07T15:55:05.918Z","end":"2022-04-07T16:11:07.776Z","duration":961858,"state":"failed","screenshots":["/Users/swatigakhar/Desktop/comprocopy/comprodls-copy/engageAutomation/output/reports/TestReports/file-1649346906104.jpeg"],"error":{"type":"Error","message":"Timeout of 600000ms exceeded. The execution in the test \"Suite1 - Functional Validation of experience app for Teacher workflow ENG_SHELL_TC_11 Validate that click on breadcrumb back button on the header launch the previous page - (P1)\" took too long. Try to reduce the run time or increase your timeout for test specs (https://webdriver.io/docs/timeouts). (/Users/swatigakhar/Desktop/comprocopy/comprodls-copy/engageAutomation/test/tempRunner/AcceptanceNew.js)","stack":"Error: Timeout of 600000ms exceeded. The execution in the test \"Suite1 - Functional Validation of experience app for Teacher workflow ENG_SHELL_TC_11 Validate that click on breadcrumb back button on the header launch the previous page - (P1)\" took too long. Try to reduce the run time or increase your timeout for test specs (https://webdriver.io/docs/timeouts). (/Users/swatigakhar/Desktop/comprocopy/comprodls-copy/engageAutomation/test/tempRunner/AcceptanceNew.js)\n    at createTimeoutError (/Users/swatigakhar/Desktop/comprocopy/comprodls-copy/engageAutomation/node_modules/mocha/lib/errors.js:498:15)\n    at Test.Runnable._timeoutError (/Users/swatigakhar/Desktop/comprocopy/comprodls-copy/engageAutomation/node_modules/mocha/lib/runnable.js:431:10)\n    at Timeout.<anonymous> (/Users/swatigakhar/Desktop/comprocopy/comprodls-copy/engageAutomation/node_modules/mocha/lib/runnable.js:246:24)\n    at listOnTimeout (internal/timers.js:557:17)\n    at processTimers (internal/timers.js:500:7)"}},{"title":"ENG_SHELL_TC_2 Validate that clicking on the Dashboard button in the left navigation pane launches Dashboard page - (P1, Desktop)","start":"2022-04-07T16:11:07.778Z","end":"2022-04-07T16:11:08.412Z","duration":634,"state":"passed","screenshots":["/Users/swatigakhar/Desktop/comprocopy/comprodls-copy/engageAutomation/output/reports/TestReports/file-1649347867995.jpeg","/Users/swatigakhar/Desktop/comprocopy/comprodls-copy/engageAutomation/output/reports/TestReports/file-1649347868099.jpeg","/Users/swatigakhar/Desktop/comprocopy/comprodls-copy/engageAutomation/output/reports/TestReports/file-1649347868403.jpeg"]},{"title":"ENG_DASH_TC_12 Validate that clicking on the 3 dots on book details page, launches the option menu with 'Remove from My Books' - (P1)","start":"2022-04-07T16:11:08.413Z","end":"2022-04-07T16:11:08.535Z","duration":122,"state":"failed","screenshots":["/Users/swatigakhar/Desktop/comprocopy/comprodls-copy/engageAutomation/output/reports/TestReports/file-1649347868531.jpeg"],"error":{"type":"TypeError","message":"Cannot read property 'bookMenu_viewClassOption' of undefined","stack":"TypeError: Cannot read property 'bookMenu_viewClassOption' of undefined\n    at Object.ENG_DASH_TC_12 (/Users/swatigakhar/Desktop/comprocopy/comprodls-copy/engageAutomation/test/engageExperienceApp/dashboard.test.js:55:35)\n    at specRunner.identifyTest (/Users/swatigakhar/Desktop/comprocopy/comprodls-copy/engageAutomation/test/tempRunner/AcceptanceNew.js:204:34)\n    at Context.<anonymous> (/Users/swatigakhar/Desktop/comprocopy/comprodls-copy/engageAutomation/test/tempRunner/AcceptanceNew.js:132:34)"}},{"title":"ENG_DASH_TC_13 Validate that clicking on 'Remove from My Books' launches a pop up with label 'Remove from My Books?' - (P1)","start":"2022-04-07T16:11:08.538Z","end":"2022-04-07T16:29:06.914Z","duration":1078376,"state":"failed","screenshots":[],"error":{"type":"Error","message":"Timeout of 600000ms exceeded. The execution in the test \"Suite1 - Functional Validation of experience app for Teacher workflow ENG_DASH_TC_13 Validate that clicking on 'Remove from My Books' launches a pop up with label 'Remove from My Books?' - (P1)\" took too long. Try to reduce the run time or increase your timeout for test specs (https://webdriver.io/docs/timeouts). (/Users/swatigakhar/Desktop/comprocopy/comprodls-copy/engageAutomation/test/tempRunner/AcceptanceNew.js)","stack":"Error: Timeout of 600000ms exceeded. The execution in the test \"Suite1 - Functional Validation of experience app for Teacher workflow ENG_DASH_TC_13 Validate that clicking on 'Remove from My Books' launches a pop up with label 'Remove from My Books?' - (P1)\" took too long. Try to reduce the run time or increase your timeout for test specs (https://webdriver.io/docs/timeouts). (/Users/swatigakhar/Desktop/comprocopy/comprodls-copy/engageAutomation/test/tempRunner/AcceptanceNew.js)\n    at createTimeoutError (/Users/swatigakhar/Desktop/comprocopy/comprodls-copy/engageAutomation/node_modules/mocha/lib/errors.js:498:15)\n    at Test.Runnable._timeoutError (/Users/swatigakhar/Desktop/comprocopy/comprodls-copy/engageAutomation/node_modules/mocha/lib/runnable.js:431:10)\n    at Timeout.<anonymous> (/Users/swatigakhar/Desktop/comprocopy/comprodls-copy/engageAutomation/node_modules/mocha/lib/runnable.js:246:24)\n    at listOnTimeout (internal/timers.js:557:17)\n    at processTimers (internal/timers.js:500:7)"}},{"title":"ENG_DASH_TC_15 Validate that clicking on 'Remove' removes the book from 'My List' - (P1)","start":"2022-04-07T16:29:06.916Z","end":"2022-04-07T16:46:41.845Z","duration":1054929,"state":"failed","screenshots":["/Users/swatigakhar/Desktop/comprocopy/comprodls-copy/engageAutomation/output/reports/TestReports/file-1649348947060.jpeg","/Users/swatigakhar/Desktop/comprocopy/comprodls-copy/engageAutomation/output/reports/TestReports/file-1649348947172.jpeg"],"error":{"type":"Error","message":"Timeout of 600000ms exceeded. The execution in the test \"Suite1 - Functional Validation of experience app for Teacher workflow ENG_DASH_TC_15 Validate that clicking on 'Remove' removes the book from 'My List' - (P1)\" took too long. Try to reduce the run time or increase your timeout for test specs (https://webdriver.io/docs/timeouts). (/Users/swatigakhar/Desktop/comprocopy/comprodls-copy/engageAutomation/test/tempRunner/AcceptanceNew.js)","stack":"Error: Timeout of 600000ms exceeded. The execution in the test \"Suite1 - Functional Validation of experience app for Teacher workflow ENG_DASH_TC_15 Validate that clicking on 'Remove' removes the book from 'My List' - (P1)\" took too long. Try to reduce the run time or increase your timeout for test specs (https://webdriver.io/docs/timeouts). (/Users/swatigakhar/Desktop/comprocopy/comprodls-copy/engageAutomation/test/tempRunner/AcceptanceNew.js)\n    at createTimeoutError (/Users/swatigakhar/Desktop/comprocopy/comprodls-copy/engageAutomation/node_modules/mocha/lib/errors.js:498:15)\n    at Test.Runnable._timeoutError (/Users/swatigakhar/Desktop/comprocopy/comprodls-copy/engageAutomation/node_modules/mocha/lib/runnable.js:431:10)\n    at Timeout.<anonymous> (/Users/swatigakhar/Desktop/comprocopy/comprodls-copy/engageAutomation/node_modules/mocha/lib/runnable.js:246:24)\n    at listOnTimeout (internal/timers.js:557:17)\n    at processTimers (internal/timers.js:500:7)"}},{"title":"ENG_SHELL_TC_8 Validate that clicking on the profile dropdown launches the dropdown of profile and other options - (P1, Desktop)","start":"2022-04-07T16:46:41.850Z","end":"2022-04-07T17:02:37.975Z","duration":956125,"state":"failed","screenshots":["/Users/swatigakhar/Desktop/comprocopy/comprodls-copy/engageAutomation/output/reports/TestReports/file-1649350002085.jpeg","/Users/swatigakhar/Desktop/comprocopy/comprodls-copy/engageAutomation/output/reports/TestReports/file-1649350002224.jpeg","/Users/swatigakhar/Desktop/comprocopy/comprodls-copy/engageAutomation/output/reports/TestReports/file-1649350002335.jpeg"],"error":{"type":"Error","message":"Timeout of 600000ms exceeded. The execution in the test \"Suite1 - Functional Validation of experience app for Teacher workflow ENG_SHELL_TC_8 Validate that clicking on the profile dropdown launches the dropdown of profile and other options - (P1, Desktop)\" took too long. Try to reduce the run time or increase your timeout for test specs (https://webdriver.io/docs/timeouts). (/Users/swatigakhar/Desktop/comprocopy/comprodls-copy/engageAutomation/test/tempRunner/AcceptanceNew.js)","stack":"Error: Timeout of 600000ms exceeded. The execution in the test \"Suite1 - Functional Validation of experience app for Teacher workflow ENG_SHELL_TC_8 Validate that clicking on the profile dropdown launches the dropdown of profile and other options - (P1, Desktop)\" took too long. Try to reduce the run time or increase your timeout for test specs (https://webdriver.io/docs/timeouts). (/Users/swatigakhar/Desktop/comprocopy/comprodls-copy/engageAutomation/test/tempRunner/AcceptanceNew.js)\n    at createTimeoutError (/Users/swatigakhar/Desktop/comprocopy/comprodls-copy/engageAutomation/node_modules/mocha/lib/errors.js:498:15)\n    at Test.Runnable._timeoutError (/Users/swatigakhar/Desktop/comprocopy/comprodls-copy/engageAutomation/node_modules/mocha/lib/runnable.js:431:10)\n    at Timeout.<anonymous> (/Users/swatigakhar/Desktop/comprocopy/comprodls-copy/engageAutomation/node_modules/mocha/lib/runnable.js:246:24)\n    at listOnTimeout (internal/timers.js:557:17)\n    at processTimers (internal/timers.js:500:7)"}},{"title":"ENG_SHELL_TC_9 Validate that user is able to logout of the application by selecting the logout option from the profile dropdown - (P1, Desktop)","start":"2022-04-07T17:02:37.986Z","end":"2022-04-07T17:19:45.694Z","duration":1027708,"state":"failed","screenshots":["/Users/swatigakhar/Desktop/comprocopy/comprodls-copy/engageAutomation/output/reports/TestReports/file-1649350958324.jpeg","/Users/swatigakhar/Desktop/comprocopy/comprodls-copy/engageAutomation/output/reports/TestReports/file-1649350958464.jpeg","/Users/swatigakhar/Desktop/comprocopy/comprodls-copy/engageAutomation/output/reports/TestReports/file-1649350958599.jpeg","/Users/swatigakhar/Desktop/comprocopy/comprodls-copy/engageAutomation/output/reports/TestReports/file-1649353052214.jpeg","/Users/swatigakhar/Desktop/comprocopy/comprodls-copy/engageAutomation/output/reports/TestReports/file-1649353052439.jpeg"],"error":{"type":"Error","message":"Timeout of 600000ms exceeded. The execution in the test \"Suite1 - Functional Validation of experience app for Teacher workflow ENG_SHELL_TC_9 Validate that user is able to logout of the application by selecting the logout option from the profile dropdown - (P1, Desktop)\" took too long. Try to reduce the run time or increase your timeout for test specs (https://webdriver.io/docs/timeouts). (/Users/swatigakhar/Desktop/comprocopy/comprodls-copy/engageAutomation/test/tempRunner/AcceptanceNew.js)","stack":"Error: Timeout of 600000ms exceeded. The execution in the test \"Suite1 - Functional Validation of experience app for Teacher workflow ENG_SHELL_TC_9 Validate that user is able to logout of the application by selecting the logout option from the profile dropdown - (P1, Desktop)\" took too long. Try to reduce the run time or increase your timeout for test specs (https://webdriver.io/docs/timeouts). (/Users/swatigakhar/Desktop/comprocopy/comprodls-copy/engageAutomation/test/tempRunner/AcceptanceNew.js)\n    at createTimeoutError (/Users/swatigakhar/Desktop/comprocopy/comprodls-copy/engageAutomation/node_modules/mocha/lib/errors.js:498:15)\n    at Test.Runnable._timeoutError (/Users/swatigakhar/Desktop/comprocopy/comprodls-copy/engageAutomation/node_modules/mocha/lib/runnable.js:431:10)\n    at Timeout.<anonymous> (/Users/swatigakhar/Desktop/comprocopy/comprodls-copy/engageAutomation/node_modules/mocha/lib/runnable.js:246:24)\n    at listOnTimeout (internal/timers.js:557:17)\n    at processTimers (internal/timers.js:500:7)"}}],"hooks":[{"start":"2022-04-07T15:15:38.692Z","end":"2022-04-07T15:15:40.765Z","duration":2073,"title":"\"before all\" hook for Suite1 - Functional Validation of experience app for Teacher workflow","associatedSuite":"Suite1 - Functional Validation of experience app for Teacher workflow"},{"start":"2022-04-07T15:15:40.770Z","end":"2022-04-07T15:15:40.771Z","duration":1,"title":"\"before each\" hook for Suite1 - Functional Validation of experience app for Teacher workflow","associatedSuite":"Suite1 - Functional Validation of experience app for Teacher workflow"},{"start":"2022-04-07T15:15:43.610Z","end":"2022-04-07T15:15:43.610Z","duration":0,"title":"\"after each\" hook for Suite1 - Functional Validation of experience app for Teacher workflow","associatedSuite":"Suite1 - Functional Validation of experience app for Teacher workflow"},{"start":"2022-04-07T15:15:43.612Z","end":"2022-04-07T15:15:43.612Z","duration":0,"title":"\"before each\" hook for Suite1 - Functional Validation of experience app for Teacher workflow","associatedSuite":"Suite1 - Functional Validation of experience app for Teacher workflow"},{"start":"2022-04-07T15:15:50.665Z","end":"2022-04-07T15:15:50.665Z","duration":0,"title":"\"after each\" hook for Suite1 - Functional Validation of experience app for Teacher workflow","associatedSuite":"Suite1 - Functional Validation of experience app for Teacher workflow"},{"start":"2022-04-07T15:15:50.667Z","end":"2022-04-07T15:15:50.667Z","duration":0,"title":"\"before each\" hook for Suite1 - Functional Validation of experience app for Teacher workflow","associatedSuite":"Suite1 - Functional Validation of experience app for Teacher workflow"},{"start":"2022-04-07T15:15:51.349Z","end":"2022-04-07T15:15:51.349Z","duration":0,"title":"\"after each\" hook for Suite1 - Functional Validation of experience app for Teacher workflow","associatedSuite":"Suite1 - Functional Validation of experience app for Teacher workflow"},{"start":"2022-04-07T15:15:51.352Z","end":"2022-04-07T15:15:51.352Z","duration":0,"title":"\"before each\" hook for Suite1 - Functional Validation of experience app for Teacher workflow","associatedSuite":"Suite1 - Functional Validation of experience app for Teacher workflow"},{"start":"2022-04-07T15:15:53.148Z","end":"2022-04-07T15:15:53.149Z","duration":1,"title":"\"after each\" hook for Suite1 - Functional Validation of experience app for Teacher workflow","associatedSuite":"Suite1 - Functional Validation of experience app for Teacher workflow"},{"start":"2022-04-07T15:15:53.150Z","end":"2022-04-07T15:15:53.150Z","duration":0,"title":"\"before each\" hook for Suite1 - Functional Validation of experience app for Teacher workflow","associatedSuite":"Suite1 - Functional Validation of experience app for Teacher workflow"},{"start":"2022-04-07T15:15:54.338Z","end":"2022-04-07T15:15:54.339Z","duration":1,"title":"\"after each\" hook for Suite1 - Functional Validation of experience app for Teacher workflow","associatedSuite":"Suite1 - Functional Validation of experience app for Teacher workflow"},{"start":"2022-04-07T15:15:54.341Z","end":"2022-04-07T15:15:54.341Z","duration":0,"title":"\"before each\" hook for Suite1 - Functional Validation of experience app for Teacher workflow","associatedSuite":"Suite1 - Functional Validation of experience app for Teacher workflow"},{"start":"2022-04-07T15:15:55.211Z","end":"2022-04-07T15:15:55.211Z","duration":0,"title":"\"after each\" hook for Suite1 - Functional Validation of experience app for Teacher workflow","associatedSuite":"Suite1 - Functional Validation of experience app for Teacher workflow"},{"start":"2022-04-07T15:15:55.213Z","end":"2022-04-07T15:15:55.213Z","duration":0,"title":"\"before each\" hook for Suite1 - Functional Validation of experience app for Teacher workflow","associatedSuite":"Suite1 - Functional Validation of experience app for Teacher workflow"},{"start":"2022-04-07T15:15:57.781Z","end":"2022-04-07T15:15:57.781Z","duration":0,"title":"\"after each\" hook for Suite1 - Functional Validation of experience app for Teacher workflow","associatedSuite":"Suite1 - Functional Validation of experience app for Teacher workflow"},{"start":"2022-04-07T15:15:57.782Z","end":"2022-04-07T15:15:57.783Z","duration":1,"title":"\"before each\" hook for Suite1 - Functional Validation of experience app for Teacher workflow","associatedSuite":"Suite1 - Functional Validation of experience app for Teacher workflow"},{"start":"2022-04-07T15:15:58.001Z","end":"2022-04-07T15:15:58.001Z","duration":0,"title":"\"after each\" hook for Suite1 - Functional Validation of experience app for Teacher workflow","associatedSuite":"Suite1 - Functional Validation of experience app for Teacher workflow"},{"start":"2022-04-07T15:15:58.003Z","end":"2022-04-07T15:15:58.003Z","duration":0,"title":"\"before each\" hook for Suite1 - Functional Validation of experience app for Teacher workflow","associatedSuite":"Suite1 - Functional Validation of experience app for Teacher workflow"},{"start":"2022-04-07T15:16:58.385Z","end":"2022-04-07T15:16:58.387Z","duration":2,"title":"\"after each\" hook for Suite1 - Functional Validation of experience app for Teacher workflow","associatedSuite":"Suite1 - Functional Validation of experience app for Teacher workflow"},{"start":"2022-04-07T15:16:58.390Z","end":"2022-04-07T15:16:58.391Z","duration":1,"title":"\"before each\" hook for Suite1 - Functional Validation of experience app for Teacher workflow","associatedSuite":"Suite1 - Functional Validation of experience app for Teacher workflow"},{"start":"2022-04-07T15:16:58.530Z","end":"2022-04-07T15:16:58.531Z","duration":1,"title":"\"after each\" hook for Suite1 - Functional Validation of experience app for Teacher workflow","associatedSuite":"Suite1 - Functional Validation of experience app for Teacher workflow"},{"start":"2022-04-07T15:16:58.532Z","end":"2022-04-07T15:16:58.532Z","duration":0,"title":"\"before each\" hook for Suite1 - Functional Validation of experience app for Teacher workflow","associatedSuite":"Suite1 - Functional Validation of experience app for Teacher workflow"},{"start":"2022-04-07T15:16:58.639Z","end":"2022-04-07T15:16:58.639Z","duration":0,"title":"\"after each\" hook for Suite1 - Functional Validation of experience app for Teacher workflow","associatedSuite":"Suite1 - Functional Validation of experience app for Teacher workflow"},{"start":"2022-04-07T15:16:58.639Z","end":"2022-04-07T15:16:58.640Z","duration":1,"title":"\"before each\" hook for Suite1 - Functional Validation of experience app for Teacher workflow","associatedSuite":"Suite1 - Functional Validation of experience app for Teacher workflow"},{"start":"2022-04-07T15:17:28.830Z","end":"2022-04-07T15:17:28.831Z","duration":1,"title":"\"after each\" hook for Suite1 - Functional Validation of experience app for Teacher workflow","associatedSuite":"Suite1 - Functional Validation of experience app for Teacher workflow"},{"start":"2022-04-07T15:17:28.834Z","end":"2022-04-07T15:17:28.835Z","duration":1,"title":"\"before each\" hook for Suite1 - Functional Validation of experience app for Teacher workflow","associatedSuite":"Suite1 - Functional Validation of experience app for Teacher workflow"},{"start":"2022-04-07T15:17:59.174Z","end":"2022-04-07T15:17:59.175Z","duration":1,"title":"\"after each\" hook for Suite1 - Functional Validation of experience app for Teacher workflow","associatedSuite":"Suite1 - Functional Validation of experience app for Teacher workflow"},{"start":"2022-04-07T15:17:59.178Z","end":"2022-04-07T15:17:59.178Z","duration":0,"title":"\"before each\" hook for Suite1 - Functional Validation of experience app for Teacher workflow","associatedSuite":"Suite1 - Functional Validation of experience app for Teacher workflow"},{"start":"2022-04-07T15:18:29.664Z","end":"2022-04-07T15:18:29.665Z","duration":1,"title":"\"after each\" hook for Suite1 - Functional Validation of experience app for Teacher workflow","associatedSuite":"Suite1 - Functional Validation of experience app for Teacher workflow"},{"start":"2022-04-07T15:18:29.667Z","end":"2022-04-07T15:18:29.667Z","duration":0,"title":"\"before each\" hook for Suite1 - Functional Validation of experience app for Teacher workflow","associatedSuite":"Suite1 - Functional Validation of experience app for Teacher workflow"},{"start":"2022-04-07T15:18:30.072Z","end":"2022-04-07T15:18:30.072Z","duration":0,"title":"\"after each\" hook for Suite1 - Functional Validation of experience app for Teacher workflow","associatedSuite":"Suite1 - Functional Validation of experience app for Teacher workflow"},{"start":"2022-04-07T15:18:30.074Z","end":"2022-04-07T15:18:30.074Z","duration":0,"title":"\"before each\" hook for Suite1 - Functional Validation of experience app for Teacher workflow","associatedSuite":"Suite1 - Functional Validation of experience app for Teacher workflow"},{"start":"2022-04-07T15:19:30.477Z","end":"2022-04-07T15:19:30.479Z","duration":2,"title":"\"after each\" hook for Suite1 - Functional Validation of experience app for Teacher workflow","associatedSuite":"Suite1 - Functional Validation of experience app for Teacher workflow"},{"start":"2022-04-07T15:19:30.483Z","end":"2022-04-07T15:19:30.484Z","duration":1,"title":"\"before each\" hook for Suite1 - Functional Validation of experience app for Teacher workflow","associatedSuite":"Suite1 - Functional Validation of experience app for Teacher workflow"},{"start":"2022-04-07T15:37:54.963Z","end":"2022-04-07T15:37:54.964Z","duration":1,"title":"\"after each\" hook for Suite1 - Functional Validation of experience app for Teacher workflow","associatedSuite":"Suite1 - Functional Validation of experience app for Teacher workflow"},{"start":"2022-04-07T15:37:54.967Z","end":"2022-04-07T15:37:54.967Z","duration":0,"title":"\"before each\" hook for Suite1 - Functional Validation of experience app for Teacher workflow","associatedSuite":"Suite1 - Functional Validation of experience app for Teacher workflow"},{"start":"2022-04-07T15:37:55.682Z","end":"2022-04-07T15:37:55.682Z","duration":0,"title":"\"after each\" hook for Suite1 - Functional Validation of experience app for Teacher workflow","associatedSuite":"Suite1 - Functional Validation of experience app for Teacher workflow"},{"start":"2022-04-07T15:37:55.683Z","end":"2022-04-07T15:37:55.683Z","duration":0,"title":"\"before each\" hook for Suite1 - Functional Validation of experience app for Teacher workflow","associatedSuite":"Suite1 - Functional Validation of experience app for Teacher workflow"},{"start":"2022-04-07T15:55:05.817Z","end":"2022-04-07T15:55:05.818Z","duration":1,"title":"\"after each\" hook for Suite1 - Functional Validation of experience app for Teacher workflow","associatedSuite":"Suite1 - Functional Validation of experience app for Teacher workflow"},{"start":"2022-04-07T15:55:05.943Z","end":"2022-04-07T15:55:05.943Z","duration":0,"title":"\"before each\" hook for Suite1 - Functional Validation of experience app for Teacher workflow","associatedSuite":"Suite1 - Functional Validation of experience app for Teacher workflow"},{"start":"2022-04-07T16:11:07.777Z","end":"2022-04-07T16:11:07.778Z","duration":1,"title":"\"after each\" hook for Suite1 - Functional Validation of experience app for Teacher workflow","associatedSuite":"Suite1 - Functional Validation of experience app for Teacher workflow"},{"start":"2022-04-07T16:11:07.778Z","end":"2022-04-07T16:11:07.779Z","duration":1,"title":"\"before each\" hook for Suite1 - Functional Validation of experience app for Teacher workflow","associatedSuite":"Suite1 - Functional Validation of experience app for Teacher workflow"},{"start":"2022-04-07T16:11:08.412Z","end":"2022-04-07T16:11:08.413Z","duration":1,"title":"\"after each\" hook for Suite1 - Functional Validation of experience app for Teacher workflow","associatedSuite":"Suite1 - Functional Validation of experience app for Teacher workflow"},{"start":"2022-04-07T16:11:08.414Z","end":"2022-04-07T16:11:08.414Z","duration":0,"title":"\"before each\" hook for Suite1 - Functional Validation of experience app for Teacher workflow","associatedSuite":"Suite1 - Functional Validation of experience app for Teacher workflow"},{"start":"2022-04-07T16:11:08.535Z","end":"2022-04-07T16:11:08.536Z","duration":1,"title":"\"after each\" hook for Suite1 - Functional Validation of experience app for Teacher workflow","associatedSuite":"Suite1 - Functional Validation of experience app for Teacher workflow"},{"start":"2022-04-07T16:11:08.539Z","end":"2022-04-07T16:11:08.539Z","duration":0,"title":"\"before each\" hook for Suite1 - Functional Validation of experience app for Teacher workflow","associatedSuite":"Suite1 - Functional Validation of experience app for Teacher workflow"},{"start":"2022-04-07T16:29:06.915Z","end":"2022-04-07T16:29:06.915Z","duration":0,"title":"\"after each\" hook for Suite1 - Functional Validation of experience app for Teacher workflow","associatedSuite":"Suite1 - Functional Validation of experience app for Teacher workflow"},{"start":"2022-04-07T16:29:06.916Z","end":"2022-04-07T16:29:06.916Z","duration":0,"title":"\"before each\" hook for Suite1 - Functional Validation of experience app for Teacher workflow","associatedSuite":"Suite1 - Functional Validation of experience app for Teacher workflow"},{"start":"2022-04-07T16:46:41.849Z","end":"2022-04-07T16:46:41.849Z","duration":0,"title":"\"after each\" hook for Suite1 - Functional Validation of experience app for Teacher workflow","associatedSuite":"Suite1 - Functional Validation of experience app for Teacher workflow"},{"start":"2022-04-07T16:46:41.850Z","end":"2022-04-07T16:46:41.850Z","duration":0,"title":"\"before each\" hook for Suite1 - Functional Validation of experience app for Teacher workflow","associatedSuite":"Suite1 - Functional Validation of experience app for Teacher workflow"},{"start":"2022-04-07T17:02:37.986Z","end":"2022-04-07T17:02:37.986Z","duration":0,"title":"\"after each\" hook for Suite1 - Functional Validation of experience app for Teacher workflow","associatedSuite":"Suite1 - Functional Validation of experience app for Teacher workflow"},{"start":"2022-04-07T17:02:37.986Z","end":"2022-04-07T17:02:37.986Z","duration":0,"title":"\"before each\" hook for Suite1 - Functional Validation of experience app for Teacher workflow","associatedSuite":"Suite1 - Functional Validation of experience app for Teacher workflow"},{"start":"2022-04-07T17:19:45.695Z","end":"2022-04-07T17:19:45.695Z","duration":0,"title":"\"after each\" hook for Suite1 - Functional Validation of experience app for Teacher workflow","associatedSuite":"Suite1 - Functional Validation of experience app for Teacher workflow"},{"start":"2022-04-07T17:19:45.695Z","end":"2022-04-07T17:19:45.696Z","duration":1,"title":"\"after all\" hook for Suite1 - Functional Validation of experience app for Teacher workflow","associatedSuite":"Suite1 - Functional Validation of experience app for Teacher workflow"}]},{"title":"Suite2 - Functional Validation of experience app for Student workflow (Paid Book)","duration":2129040,"start":"2022-04-07T17:19:45.801Z","end":"2022-04-07T17:55:14.841Z","tests":[],"hooks":[{"start":"2022-04-07T17:19:45.801Z","end":"2022-04-07T17:37:31.692Z","duration":1065891,"title":"\"before all\" hook for Suite2 - Functional Validation of experience app for Student workflow (Paid Book)","associatedSuite":"Suite2 - Functional Validation of experience app for Student workflow (Paid Book)","error":{"type":"Error","message":"Timeout of 600000ms exceeded. The execution in the test \"Suite2 - Functional Validation of experience app for Student workflow (Paid Book) \"before all\" hook for \"ENG_PLAY_TC_1 Validate testplayer when a question is launched - (P1)\"\" took too long. Try to reduce the run time or increase your timeout for test specs (https://webdriver.io/docs/timeouts). (/Users/swatigakhar/Desktop/comprocopy/comprodls-copy/engageAutomation/test/tempRunner/AcceptanceNew.js)","stack":"Error: Timeout of 600000ms exceeded. The execution in the test \"Suite2 - Functional Validation of experience app for Student workflow (Paid Book) \"before all\" hook for \"ENG_PLAY_TC_1 Validate testplayer when a question is launched - (P1)\"\" took too long. Try to reduce the run time or increase your timeout for test specs (https://webdriver.io/docs/timeouts). (/Users/swatigakhar/Desktop/comprocopy/comprodls-copy/engageAutomation/test/tempRunner/AcceptanceNew.js)\n    at createTimeoutError (/Users/swatigakhar/Desktop/comprocopy/comprodls-copy/engageAutomation/node_modules/mocha/lib/errors.js:498:15)\n    at Hook.Runnable._timeoutError (/Users/swatigakhar/Desktop/comprocopy/comprodls-copy/engageAutomation/node_modules/mocha/lib/runnable.js:431:10)\n    at Timeout.<anonymous> (/Users/swatigakhar/Desktop/comprocopy/comprodls-copy/engageAutomation/node_modules/mocha/lib/runnable.js:246:24)\n    at listOnTimeout (internal/timers.js:557:17)\n    at processTimers (internal/timers.js:500:7)"}},{"start":"2022-04-07T17:37:31.692Z","end":"2022-04-07T17:55:14.841Z","duration":1063149,"title":"\"after all\" hook for Suite2 - Functional Validation of experience app for Student workflow (Paid Book)","associatedSuite":"Suite2 - Functional Validation of experience app for Student workflow (Paid Book)","error":{"type":"Error","message":"Timeout of 600000ms exceeded. The execution in the test \"Suite2 - Functional Validation of experience app for Student workflow (Paid Book) \"after all\" hook for \"ENG_BOOK_TC_26 Validate that clicking on Previous Unit button launches the Previous unit of Current Component - (P1)\"\" took too long. Try to reduce the run time or increase your timeout for test specs (https://webdriver.io/docs/timeouts). (/Users/swatigakhar/Desktop/comprocopy/comprodls-copy/engageAutomation/test/tempRunner/AcceptanceNew.js)","stack":"Error: Timeout of 600000ms exceeded. The execution in the test \"Suite2 - Functional Validation of experience app for Student workflow (Paid Book) \"after all\" hook for \"ENG_BOOK_TC_26 Validate that clicking on Previous Unit button launches the Previous unit of Current Component - (P1)\"\" took too long. Try to reduce the run time or increase your timeout for test specs (https://webdriver.io/docs/timeouts). (/Users/swatigakhar/Desktop/comprocopy/comprodls-copy/engageAutomation/test/tempRunner/AcceptanceNew.js)\n    at createTimeoutError (/Users/swatigakhar/Desktop/comprocopy/comprodls-copy/engageAutomation/node_modules/mocha/lib/errors.js:498:15)\n    at Hook.Runnable._timeoutError (/Users/swatigakhar/Desktop/comprocopy/comprodls-copy/engageAutomation/node_modules/mocha/lib/runnable.js:431:10)\n    at Timeout.<anonymous> (/Users/swatigakhar/Desktop/comprocopy/comprodls-copy/engageAutomation/node_modules/mocha/lib/runnable.js:246:24)\n    at listOnTimeout (internal/timers.js:557:17)\n    at processTimers (internal/timers.js:500:7)"}}]}],"specs":["AcceptanceNew.json"],"state":{"passed":9,"failed":19,"skipped":0},"skipAssertion":false}